<?xml version="1.0" encoding="UTF-8"?>
<!-- Generated by org.testng.reporters.JUnitXMLReporter -->
<testsuite ignored="0" hostname="admin1-H110M-H" failures="0" tests="5" name="Default test" time="30.822" errors="0" timestamp="28 Jan 2020 05:50:59 GMT">
  <testcase classname="com.bridgelabz.linkedin.testcases.SignInPageTest" name="validateForgetPasswordLinkTest" time="9.524"/>
  <testcase classname="com.bridgelabz.linkedin.testcases.SignInPageTest" name="validateHidePasswordTest" time="2.93"/>
  <testcase classname="com.bridgelabz.linkedin.testcases.SignInPageTest" name="validateJoinNowLinkTest" time="2.177"/>
  <testcase classname="com.bridgelabz.linkedin.testcases.SignInPageTest" name="validateShowPasswordTest" time="2.954"/>
  <testcase classname="com.bridgelabz.linkedin.testcases.SignInPageTest" name="verifySignInPageTitleTest" time="1.246"/>
</testsuite> <!-- Default test -->
