<?xml version="1.0" encoding="UTF-8"?>
<!-- Generated by org.testng.reporters.JUnitXMLReporter -->
<testsuite ignored="0" hostname="admin1-H110M-H" failures="0" tests="21" name="LinkedIn App Test" time="227.485" errors="0" timestamp="27 Jan 2020 09:15:45 GMT">
  <testcase classname="com.bridgelabz.linkedin.testcases.JoinNowPageTest" name="registrationPageTest" time="6.313"/>
  <testcase classname="com.bridgelabz.linkedin.testcases.JoinNowPageTest" name="validateChangeLanguageLinkTest" time="0.807"/>
  <testcase classname="com.bridgelabz.linkedin.testcases.JoinNowPageTest" name="validateSignInPageLinkTest" time="1.771"/>
  <testcase classname="com.bridgelabz.linkedin.testcases.JoinNowPageTest" name="verifyRegisterPageTitleTest" time="0.857"/>
  <testcase classname="com.bridgelabz.linkedin.testcases.SignInPageTest" name="SignInTest" time="12.683"/>
  <testcase classname="com.bridgelabz.linkedin.testcases.SignInPageTest" name="SignInTest" time="6.051"/>
  <testcase classname="com.bridgelabz.linkedin.testcases.SignInPageTest" name="SignInTest" time="8.055"/>
  <testcase classname="com.bridgelabz.linkedin.testcases.SignInPageTest" name="SignInTest" time="6.236"/>
  <testcase classname="com.bridgelabz.linkedin.testcases.SignInPageTest" name="SignInTest" time="5.914"/>
  <testcase classname="com.bridgelabz.linkedin.testcases.SignInPageTest" name="SignInTest" time="6.356"/>
  <testcase classname="com.bridgelabz.linkedin.testcases.SignInPageTest" name="validateForgetPasswordLinkTest" time="8.258"/>
  <testcase classname="com.bridgelabz.linkedin.testcases.SignInPageTest" name="validateHidePasswordTest" time="2.176"/>
  <testcase classname="com.bridgelabz.linkedin.testcases.SignInPageTest" name="validateJoinNowLinkTest" time="1.718"/>
  <testcase classname="com.bridgelabz.linkedin.testcases.SignInPageTest" name="validateShowPasswordTest" time="2.311"/>
  <testcase classname="com.bridgelabz.linkedin.testcases.SignInPageTest" name="verifySignInPageTitleTest" time="1.577"/>
  <testcase classname="com.bridgelabz.linkedin.testcases.HomePageTest" name="createTextPostTest" time="7.461"/>
  <testcase classname="com.bridgelabz.linkedin.testcases.HomePageTest" name="createTextPostTest" time="7.862"/>
  <testcase classname="com.bridgelabz.linkedin.testcases.HomePageTest" name="createTextPostTest" time="7.63"/>
  <testcase classname="com.bridgelabz.linkedin.testcases.HomePageTest" name="uploadImagePostTest" time="13.958"/>
  <testcase classname="com.bridgelabz.linkedin.testcases.HomePageTest" name="uploadImagePostTest" time="9.682"/>
  <testcase classname="com.bridgelabz.linkedin.testcases.HomePageTest" name="verifyHomePageTitleTest" time="0.014"/>
</testsuite> <!-- LinkedIn App Test -->
