<?xml version="1.0" encoding="UTF-8"?>
<testng-results ignored="0" total="4" passed="4" failed="0" skipped="0">
  <reporter-output>
  </reporter-output>
  <suite started-at="2020-01-27T11:42:06Z" name="Default suite" finished-at="2020-01-27T11:42:26Z" duration-ms="20122">
    <groups>
    </groups>
    <test started-at="2020-01-27T11:42:06Z" name="Default test" finished-at="2020-01-27T11:42:26Z" duration-ms="20122">
      <class name="com.bridgelabz.linkedin.testcases.JoinNowPageTest">
        <test-method is-config="true" signature="beginTest()[pri:0, instance:com.bridgelabz.linkedin.testcases.JoinNowPageTest@e50a6f6]" started-at="2020-01-27T11:42:06Z" name="beginTest" finished-at="2020-01-27T11:42:10Z" duration-ms="3980" status="PASS">
          <reporter-output>
          </reporter-output>
        </test-method> <!-- beginTest -->
        <test-method signature="registrationPageTest()[pri:0, instance:com.bridgelabz.linkedin.testcases.JoinNowPageTest@e50a6f6]" started-at="2020-01-27T11:42:10Z" name="registrationPageTest" finished-at="2020-01-27T11:42:15Z" duration-ms="5328" status="PASS">
          <reporter-output>
          </reporter-output>
        </test-method> <!-- registrationPageTest -->
        <test-method is-config="true" signature="endTest()[pri:0, instance:com.bridgelabz.linkedin.testcases.JoinNowPageTest@e50a6f6]" started-at="2020-01-27T11:42:15Z" name="endTest" finished-at="2020-01-27T11:42:15Z" duration-ms="170" status="PASS">
          <reporter-output>
          </reporter-output>
        </test-method> <!-- endTest -->
        <test-method is-config="true" signature="beginTest()[pri:0, instance:com.bridgelabz.linkedin.testcases.JoinNowPageTest@e50a6f6]" started-at="2020-01-27T11:42:15Z" name="beginTest" finished-at="2020-01-27T11:42:17Z" duration-ms="2067" status="PASS">
          <reporter-output>
          </reporter-output>
        </test-method> <!-- beginTest -->
        <test-method signature="validateChangeLanguageLinkTest()[pri:0, instance:com.bridgelabz.linkedin.testcases.JoinNowPageTest@e50a6f6]" started-at="2020-01-27T11:42:17Z" name="validateChangeLanguageLinkTest" finished-at="2020-01-27T11:42:18Z" duration-ms="984" status="PASS">
          <reporter-output>
          </reporter-output>
        </test-method> <!-- validateChangeLanguageLinkTest -->
        <test-method is-config="true" signature="endTest()[pri:0, instance:com.bridgelabz.linkedin.testcases.JoinNowPageTest@e50a6f6]" started-at="2020-01-27T11:42:18Z" name="endTest" finished-at="2020-01-27T11:42:19Z" duration-ms="485" status="PASS">
          <reporter-output>
          </reporter-output>
        </test-method> <!-- endTest -->
        <test-method is-config="true" signature="beginTest()[pri:0, instance:com.bridgelabz.linkedin.testcases.JoinNowPageTest@e50a6f6]" started-at="2020-01-27T11:42:19Z" name="beginTest" finished-at="2020-01-27T11:42:21Z" duration-ms="2672" status="PASS">
          <reporter-output>
          </reporter-output>
        </test-method> <!-- beginTest -->
        <test-method signature="validateSignInPageLinkTest()[pri:0, instance:com.bridgelabz.linkedin.testcases.JoinNowPageTest@e50a6f6]" started-at="2020-01-27T11:42:21Z" name="validateSignInPageLinkTest" finished-at="2020-01-27T11:42:23Z" duration-ms="1278" status="PASS">
          <reporter-output>
          </reporter-output>
        </test-method> <!-- validateSignInPageLinkTest -->
        <test-method is-config="true" signature="endTest()[pri:0, instance:com.bridgelabz.linkedin.testcases.JoinNowPageTest@e50a6f6]" started-at="2020-01-27T11:42:23Z" name="endTest" finished-at="2020-01-27T11:42:23Z" duration-ms="429" status="PASS">
          <reporter-output>
          </reporter-output>
        </test-method> <!-- endTest -->
        <test-method is-config="true" signature="beginTest()[pri:0, instance:com.bridgelabz.linkedin.testcases.JoinNowPageTest@e50a6f6]" started-at="2020-01-27T11:42:23Z" name="beginTest" finished-at="2020-01-27T11:42:25Z" duration-ms="1940" status="PASS">
          <reporter-output>
          </reporter-output>
        </test-method> <!-- beginTest -->
        <test-method signature="verifyRegisterPageTitleTest()[pri:0, instance:com.bridgelabz.linkedin.testcases.JoinNowPageTest@e50a6f6]" started-at="2020-01-27T11:42:25Z" name="verifyRegisterPageTitleTest" finished-at="2020-01-27T11:42:26Z" duration-ms="596" status="PASS">
          <reporter-output>
          </reporter-output>
        </test-method> <!-- verifyRegisterPageTitleTest -->
        <test-method is-config="true" signature="endTest()[pri:0, instance:com.bridgelabz.linkedin.testcases.JoinNowPageTest@e50a6f6]" started-at="2020-01-27T11:42:26Z" name="endTest" finished-at="2020-01-27T11:42:26Z" duration-ms="169" status="PASS">
          <reporter-output>
          </reporter-output>
        </test-method> <!-- endTest -->
      </class> <!-- com.bridgelabz.linkedin.testcases.JoinNowPageTest -->
    </test> <!-- Default test -->
  </suite> <!-- Default suite -->
</testng-results>
